  source.cpp
C:\Program Files (x86)\Microsoft Visual Studio 14.0\VC\include\GL/gl.h : warning C4819: 현재 코드 페이지(949)에서 표시할 수 없는 문자가 파일에 들어 있습니다. 데이터가 손실되지 않게 하려면 해당 파일을 유니코드 형식으로 저장하십시오.
C:\Program Files (x86)\Microsoft Visual Studio 14.0\VC\include\gl/GL.H : warning C4819: 현재 코드 페이지(949)에서 표시할 수 없는 문자가 파일에 들어 있습니다. 데이터가 손실되지 않게 하려면 해당 파일을 유니코드 형식으로 저장하십시오.
C:\Program Files (x86)\Microsoft Visual Studio 14.0\VC\include\GL/gl.h : warning C4819: 현재 코드 페이지(949)에서 표시할 수 없는 문자가 파일에 들어 있습니다. 데이터가 손실되지 않게 하려면 해당 파일을 유니코드 형식으로 저장하십시오.
c:\users\samsung\desktop\대학\3학년 1학기\컴퓨터그래픽스(김창헌)\cgtermproject\texturemapping\texturemapping\particle.h(214): warning C4018: '<': signed 또는 unsigned가 일치하지 않습니다.
c:\users\samsung\desktop\대학\3학년 1학기\컴퓨터그래픽스(김창헌)\cgtermproject\texturemapping\texturemapping\particle.h(224): warning C4018: '<': signed 또는 unsigned가 일치하지 않습니다.
c:\users\samsung\desktop\대학\3학년 1학기\컴퓨터그래픽스(김창헌)\cgtermproject\texturemapping\texturemapping\particle.h(233): warning C4018: '<': signed 또는 unsigned가 일치하지 않습니다.
c:\users\samsung\desktop\대학\3학년 1학기\컴퓨터그래픽스(김창헌)\cgtermproject\texturemapping\texturemapping\particle.h(212): warning C4101: 'k' :참조되지 않은 지역 변수입니다.
c:\users\samsung\desktop\대학\3학년 1학기\컴퓨터그래픽스(김창헌)\cgtermproject\texturemapping\texturemapping\particle.h(245): warning C4018: '<': signed 또는 unsigned가 일치하지 않습니다.
c:\users\samsung\desktop\대학\3학년 1학기\컴퓨터그래픽스(김창헌)\cgtermproject\texturemapping\texturemapping\particle.h(253): warning C4018: '<': signed 또는 unsigned가 일치하지 않습니다.
c:\users\samsung\desktop\대학\3학년 1학기\컴퓨터그래픽스(김창헌)\cgtermproject\texturemapping\texturemapping\particle.h(262): warning C4018: '<': signed 또는 unsigned가 일치하지 않습니다.
c:\users\samsung\desktop\대학\3학년 1학기\컴퓨터그래픽스(김창헌)\cgtermproject\texturemapping\texturemapping\particle.h(268): warning C4018: '<': signed 또는 unsigned가 일치하지 않습니다.
c:\users\samsung\desktop\대학\3학년 1학기\컴퓨터그래픽스(김창헌)\cgtermproject\texturemapping\texturemapping\particle.h(273): warning C4018: '<': signed 또는 unsigned가 일치하지 않습니다.
c:\users\samsung\desktop\대학\3학년 1학기\컴퓨터그래픽스(김창헌)\cgtermproject\texturemapping\texturemapping\particle.h(283): warning C4018: '<': signed 또는 unsigned가 일치하지 않습니다.
source.cpp(182): warning C4996: 'fopen': This function or variable may be unsafe. Consider using fopen_s instead. To disable deprecation, use _CRT_SECURE_NO_WARNINGS. See online help for details.
  C:\Program Files (x86)\Windows Kits\10\Include\10.0.14393.0\ucrt\stdio.h(207): note: 'fopen' 선언을 참조하십시오.
source.cpp(238): warning C4018: '<': signed 또는 unsigned가 일치하지 않습니다.
source.cpp(383): warning C4838: 'double'에서 'float'(으)로의 변환에는 축소 변환이 필요합니다.
source.cpp(407): warning C4838: 'double'에서 'float'(으)로의 변환에는 축소 변환이 필요합니다.
source.cpp(558): warning C4838: 'double'에서 'float'(으)로의 변환에는 축소 변환이 필요합니다.
source.cpp(559): warning C4838: 'double'에서 'float'(으)로의 변환에는 축소 변환이 필요합니다.
  WaveFrontOBJ.cpp
C:\Program Files (x86)\Microsoft Visual Studio 14.0\VC\include\GL/gl.h : warning C4819: 현재 코드 페이지(949)에서 표시할 수 없는 문자가 파일에 들어 있습니다. 데이터가 손실되지 않게 하려면 해당 파일을 유니코드 형식으로 저장하십시오.
WaveFrontOBJ.cpp(271): warning C4018: '<': signed 또는 unsigned가 일치하지 않습니다.
  코드를 생성하고 있습니다.
  84 of 1126 functions ( 7.5%) were compiled, the rest were copied from previous compilation.
    72 functions were new in current compilation
    2 functions had inline decision re-evaluated but remain unchanged
  코드를 생성했습니다.
  TextureMapping.vcxproj -> C:\Users\samsung\Desktop\대학\3학년 1학기\컴퓨터그래픽스(김창헌)\CGTermProject\TextureMapping\Release\TextureMapping.exe
