  source.cpp
c:\program files (x86)\microsoft visual studio 14.0\vc\include\gl\gl.h : warning C4819: 현재 코드 페이지(949)에서 표시할 수 없는 문자가 파일에 들어 있습니다. 데이터가 손실되지 않게 하려면 해당 파일을 유니코드 형식으로 저장하십시오.
c:\program files (x86)\microsoft visual studio 14.0\vc\include\gl\gl.h : warning C4819: 현재 코드 페이지(949)에서 표시할 수 없는 문자가 파일에 들어 있습니다. 데이터가 손실되지 않게 하려면 해당 파일을 유니코드 형식으로 저장하십시오.
c:\program files (x86)\microsoft visual studio 14.0\vc\include\gl\gl.h : warning C4819: 현재 코드 페이지(949)에서 표시할 수 없는 문자가 파일에 들어 있습니다. 데이터가 손실되지 않게 하려면 해당 파일을 유니코드 형식으로 저장하십시오.
c:\users\samsung\desktop\대학\3학년 1학기\컴퓨터그래픽스(김창헌)\cgtermproject\texturemapping\texturemapping\particle.h(214): warning C4018: '<': signed 또는 unsigned가 일치하지 않습니다.
c:\users\samsung\desktop\대학\3학년 1학기\컴퓨터그래픽스(김창헌)\cgtermproject\texturemapping\texturemapping\particle.h(224): warning C4018: '<': signed 또는 unsigned가 일치하지 않습니다.
c:\users\samsung\desktop\대학\3학년 1학기\컴퓨터그래픽스(김창헌)\cgtermproject\texturemapping\texturemapping\particle.h(233): warning C4018: '<': signed 또는 unsigned가 일치하지 않습니다.
c:\users\samsung\desktop\대학\3학년 1학기\컴퓨터그래픽스(김창헌)\cgtermproject\texturemapping\texturemapping\particle.h(212): warning C4101: 'k' :참조되지 않은 지역 변수입니다.
c:\users\samsung\desktop\대학\3학년 1학기\컴퓨터그래픽스(김창헌)\cgtermproject\texturemapping\texturemapping\particle.h(245): warning C4018: '<': signed 또는 unsigned가 일치하지 않습니다.
c:\users\samsung\desktop\대학\3학년 1학기\컴퓨터그래픽스(김창헌)\cgtermproject\texturemapping\texturemapping\particle.h(253): warning C4018: '<': signed 또는 unsigned가 일치하지 않습니다.
c:\users\samsung\desktop\대학\3학년 1학기\컴퓨터그래픽스(김창헌)\cgtermproject\texturemapping\texturemapping\particle.h(262): warning C4018: '<': signed 또는 unsigned가 일치하지 않습니다.
c:\users\samsung\desktop\대학\3학년 1학기\컴퓨터그래픽스(김창헌)\cgtermproject\texturemapping\texturemapping\particle.h(268): warning C4018: '<': signed 또는 unsigned가 일치하지 않습니다.
c:\users\samsung\desktop\대학\3학년 1학기\컴퓨터그래픽스(김창헌)\cgtermproject\texturemapping\texturemapping\particle.h(273): warning C4018: '<': signed 또는 unsigned가 일치하지 않습니다.
c:\users\samsung\desktop\대학\3학년 1학기\컴퓨터그래픽스(김창헌)\cgtermproject\texturemapping\texturemapping\particle.h(283): warning C4018: '<': signed 또는 unsigned가 일치하지 않습니다.
c:\users\samsung\desktop\대학\3학년 1학기\컴퓨터그래픽스(김창헌)\cgtermproject\texturemapping\texturemapping\source.cpp(181): warning C4996: 'fopen': This function or variable may be unsafe. Consider using fopen_s instead. To disable deprecation, use _CRT_SECURE_NO_WARNINGS. See online help for details.
  c:\program files (x86)\windows kits\10\include\10.0.10240.0\ucrt\stdio.h(205): note: 'fopen' 선언을 참조하십시오.
c:\users\samsung\desktop\대학\3학년 1학기\컴퓨터그래픽스(김창헌)\cgtermproject\texturemapping\texturemapping\source.cpp(237): warning C4018: '<': signed 또는 unsigned가 일치하지 않습니다.
c:\users\samsung\desktop\대학\3학년 1학기\컴퓨터그래픽스(김창헌)\cgtermproject\texturemapping\texturemapping\source.cpp(374): warning C4838: 'double'에서 'float'(으)로의 변환에는 축소 변환이 필요합니다.
c:\users\samsung\desktop\대학\3학년 1학기\컴퓨터그래픽스(김창헌)\cgtermproject\texturemapping\texturemapping\source.cpp(398): warning C4838: 'double'에서 'float'(으)로의 변환에는 축소 변환이 필요합니다.
c:\users\samsung\desktop\대학\3학년 1학기\컴퓨터그래픽스(김창헌)\cgtermproject\texturemapping\texturemapping\source.cpp(534): warning C4838: 'double'에서 'float'(으)로의 변환에는 축소 변환이 필요합니다.
c:\users\samsung\desktop\대학\3학년 1학기\컴퓨터그래픽스(김창헌)\cgtermproject\texturemapping\texturemapping\source.cpp(535): warning C4838: 'double'에서 'float'(으)로의 변환에는 축소 변환이 필요합니다.
LINK : fatal error LNK1104: 'C:\Users\samsung\Desktop\대학\3학년 1학기\컴퓨터그래픽스(김창헌)\CGTermProject\TextureMapping\Debug\TextureMapping.ilk' 파일을 열 수 없습니다.
